Build started 17.06.2015 22:19:35.
     1>Project "D:\Coding\Projekte\TS3\Plugins\NameFaker\PokeBlocker\PokeBlocker.vcxproj" on node 2 (Build target(s)).
     1>C:\Program Files (x86)\MSBuild\Microsoft.Cpp\v4.0\V120\Microsoft.CppBuild.targets(388,5): warning MSB8028: The intermediate directory (x64\Release\) contains files shared from another project (PokeBlocker.vcxproj).  This can lead to incorrect clean and rebuild behavior.
     1>ClCompile:
         D:\Program Files (x86)\Microsoft Visual Studio 12.0\VC\bin\x86_amd64\CL.exe /c /Zi /nologo /W3 /WX- /O2 /Oi /GL /D WIN32 /D NDEBUG /D _WINDOWS /D _USRDLL /D POKEBLOCKER_EXPORTS /D _WINDLL /D _UNICODE /D UNICODE /Gm- /EHsc /MD /GS /Gy /fp:precise /Zc:wchar_t /Zc:forScope /Fo"x64\Release\\" /Fd"x64\Release\vc120.pdb" /Gd /TP /errorReport:prompt ..\plugin.cpp
         plugin.cpp
     1>..\plugin.cpp(368): warning C4566: character represented by universal-character-name '\u041E' cannot be represented in the current code page (1252)
     1>..\plugin.cpp(368): warning C4566: character represented by universal-character-name '\u043E' cannot be represented in the current code page (1252)
     1>..\plugin.cpp(368): warning C4566: character represented by universal-character-name '\u0435' cannot be represented in the current code page (1252)
     1>..\plugin.cpp(368): warning C4566: character represented by universal-character-name '\u0415' cannot be represented in the current code page (1252)
     1>..\plugin.cpp(368): warning C4566: character represented by universal-character-name '\u0441' cannot be represented in the current code page (1252)
     1>..\plugin.cpp(368): warning C4566: character represented by universal-character-name '\u0421' cannot be represented in the current code page (1252)
     1>..\plugin.cpp(368): warning C4566: character represented by universal-character-name '\u0430' cannot be represented in the current code page (1252)
     1>..\plugin.cpp(368): warning C4566: character represented by universal-character-name '\u0410' cannot be represented in the current code page (1252)
     1>..\plugin.cpp(368): warning C4566: character represented by universal-character-name '\u0412' cannot be represented in the current code page (1252)
     1>..\plugin.cpp(368): warning C4566: character represented by universal-character-name '\u0422' cannot be represented in the current code page (1252)
     1>..\plugin.cpp(368): warning C4566: character represented by universal-character-name '\u0425' cannot be represented in the current code page (1252)
     1>..\plugin.cpp(368): warning C4566: character represented by universal-character-name '\u0445' cannot be represented in the current code page (1252)
     1>..\plugin.cpp(369): warning C4566: character represented by universal-character-name '\u115A' cannot be represented in the current code page (1252)
     1>..\plugin.cpp(374): warning C4244: 'argument' : conversion from 'uint64' to 'anyID', possible loss of data
     1>..\plugin.cpp(406): warning C4244: 'argument' : conversion from 'uint64' to 'anyID', possible loss of data
     1>..\plugin.cpp(422): warning C4244: 'argument' : conversion from 'uint64' to 'anyID', possible loss of data
       Link:
         D:\Program Files (x86)\Microsoft Visual Studio 12.0\VC\bin\x86_amd64\link.exe /ERRORREPORT:PROMPT /OUT:"D:\Coding\Projekte\TS3\Plugins\NameFaker\x64\Release\NameFaker.dll" /INCREMENTAL:NO /NOLOGO kernel32.lib user32.lib gdi32.lib winspool.lib comdlg32.lib advapi32.lib shell32.lib ole32.lib oleaut32.lib uuid.lib odbc32.lib odbccp32.lib /MANIFEST /MANIFESTUAC:"level='asInvoker' uiAccess='false'" /manifest:embed /DEBUG /PDB:"D:\Coding\Projekte\TS3\Plugins\NameFaker\x64\Release\NameFaker.pdb" /SUBSYSTEM:WINDOWS /OPT:REF /OPT:ICF /LTCG /TLBID:1 /DYNAMICBASE /NXCOMPAT /IMPLIB:"D:\Coding\Projekte\TS3\Plugins\NameFaker\x64\Release\NameFaker.lib" /MACHINE:X64 /DLL x64\Release\plugin.obj
            Creating library D:\Coding\Projekte\TS3\Plugins\NameFaker\x64\Release\NameFaker.lib and object D:\Coding\Projekte\TS3\Plugins\NameFaker\x64\Release\NameFaker.exp
         Generating code
         Finished generating code
         PokeBlocker.vcxproj -> D:\Coding\Projekte\TS3\Plugins\NameFaker\x64\Release\NameFaker.dll
     1>Done Building Project "D:\Coding\Projekte\TS3\Plugins\NameFaker\PokeBlocker\PokeBlocker.vcxproj" (Build target(s)).

Build succeeded.

Time Elapsed 00:00:01.35
